<?xml version="1.0" encoding="UTF-8"?>
<!-- Generated by org.testng.reporters.JUnitReportReporter -->
<testsuite hostname="DESKTOP-48ME6A4" failures="0" tests="1" name="swaglab_test.ProductsTest" time="7.720" errors="0" timestamp="06 Apr 2025 16:34:28 GMT" skipped="0">
  <testcase classname="swaglab_test.ProductsTest" name="AddtoCartTest" time="7.720"/>
</testsuite> <!-- swaglab_test.ProductsTest -->
