<?xml version="1.0" encoding="UTF-8"?>
<!-- Generated by org.testng.reporters.JUnitReportReporter -->
<testsuite hostname="DESKTOP-48ME6A4" failures="0" tests="1" name="testng.AnnotationsExample2" time="0.004" errors="0" timestamp="05 Apr 2025 16:39:43 GMT" skipped="0">
  <testcase classname="testng.AnnotationsExample2" name="test3" time="0.004"/>
</testsuite> <!-- testng.AnnotationsExample2 -->
