<?xml version="1.0" encoding="UTF-8"?>
<!-- Generated by org.testng.reporters.JUnitReportReporter -->
<testsuite hostname="DESKTOP-48ME6A4" failures="0" tests="2" name="testng.AnnotationsExample" time="0.007" errors="0" timestamp="05 Apr 2025 16:39:43 GMT" skipped="1">
  <testcase classname="testng.AnnotationsExample" name="test1" time="0.007"/>
  <testcase classname="testng.AnnotationsExample" name="test2">
    <skipped/>
  </testcase> <!-- test2 -->
</testsuite> <!-- testng.AnnotationsExample -->
