<?xml version="1.0" encoding="UTF-8"?>
<!-- Generated by org.testng.reporters.JUnitReportReporter -->
<testsuite hostname="DESKTOP-48ME6A4" failures="0" tests="5" name="swaglab_test.LoginTest" time="24.221" errors="0" timestamp="07 Jun 2025 16:47:09 GMT" skipped="0">
  <testcase classname="swaglab_test.LoginTest" name="LoginFailureTestFromProperties" time="4.509"/>
  <testcase classname="swaglab_test.LoginTest" name="LoginFailureTestFromExcel" time="5.689"/>
  <testcase classname="swaglab_test.LoginTest" name="LockedUserLoginFailureTest" time="4.641"/>
  <testcase classname="swaglab_test.LoginTest" name="LoginSuccessTest" time="4.964"/>
  <testcase classname="swaglab_test.LoginTest" name="LoginFailureTest" time="4.418"/>
</testsuite> <!-- swaglab_test.LoginTest -->
