<?xml version="1.0" encoding="UTF-8"?>
<!-- Generated by org.testng.reporters.JUnitReportReporter -->
<testsuite hostname="DESKTOP-48ME6A4" failures="0" tests="5" name="swaglab_test.LoginTest" time="37.065" errors="0" timestamp="08 Jun 2025 15:11:27 GMT" skipped="0">
  <testcase classname="swaglab_test.LoginTest" name="LockedUserLoginFailureTest" time="10.093"/>
  <testcase classname="swaglab_test.LoginTest" name="LoginFailureTestFromExcel" time="6.340"/>
  <testcase classname="swaglab_test.LoginTest" name="LoginSuccessTest" time="6.780"/>
  <testcase classname="swaglab_test.LoginTest" name="LoginFailureTestFromProperties" time="7.616"/>
  <testcase classname="swaglab_test.LoginTest" name="LoginFailureTest" time="6.236"/>
</testsuite> <!-- swaglab_test.LoginTest -->
