<?xml version="1.0" encoding="UTF-8"?>
<!-- Generated by org.testng.reporters.JUnitReportReporter -->
<testsuite hostname="DESKTOP-48ME6A4" failures="0" tests="5" name="swaglab_test.LoginTest" time="86.870" errors="0" timestamp="21 Jun 2025 14:27:59 GMT" skipped="0">
  <testcase classname="swaglab_test.LoginTest" name="LoginFailureTestFromProperties" time="59.766"/>
  <testcase classname="swaglab_test.LoginTest" name="LoginSuccessTest" time="8.181"/>
  <testcase classname="swaglab_test.LoginTest" name="LoginFailureTestFromExcel" time="6.752"/>
  <testcase classname="swaglab_test.LoginTest" name="LockedUserLoginFailureTest" time="6.490"/>
  <testcase classname="swaglab_test.LoginTest" name="LoginFailureTest" time="5.681"/>
</testsuite> <!-- swaglab_test.LoginTest -->
